Command line: /root/mambaforge/envs/amr-course/bin/metaspades.py	-1	/mnt/c/Users/Aarthi/Documents/GitHub/amr-course-new/results/fastp/ERR9922937_filtered_1.fastq.gz	-2	/mnt/c/Users/Aarthi/Documents/GitHub/amr-course-new/results/fastp/ERR9922937_filtered_2.fastq.gz	-o	/mnt/c/Users/Aarthi/Documents/GitHub/amr-course-new/results/metaspades_output/ERR9922937	

System information:
  SPAdes version: 3.13.0
  Python version: 3.7.12
  OS: Linux-5.10.16.3-microsoft-standard-WSL2-x86_64-with-debian-bullseye-sid

Output dir: /mnt/c/Users/Aarthi/Documents/GitHub/amr-course-new/results/metaspades_output/ERR9922937
Mode: read error correction and assembling
Debug mode is turned OFF

Dataset parameters:
  Metagenomic mode
  Reads:
    Library number: 1, library type: paired-end
      orientation: fr
      left reads: ['/mnt/c/Users/Aarthi/Documents/GitHub/amr-course-new/results/fastp/ERR9922937_filtered_1.fastq.gz']
      right reads: ['/mnt/c/Users/Aarthi/Documents/GitHub/amr-course-new/results/fastp/ERR9922937_filtered_2.fastq.gz']
      interlaced reads: not specified
      single reads: not specified
      merged reads: not specified
Read error correction parameters:
  Iterations: 1
  PHRED offset will be auto-detected
  Corrected reads will be compressed
Assembly parameters:
  k: [21, 33, 55]
  Repeat resolution is enabled
  Mismatch careful mode is turned OFF
  MismatchCorrector will be SKIPPED
  Coverage cutoff is turned OFF
Other parameters:
  Dir for temp files: /mnt/c/Users/Aarthi/Documents/GitHub/amr-course-new/results/metaspades_output/ERR9922937/tmp
  Threads: 16
  Memory limit (in Gb): 15


======= SPAdes pipeline started. Log can be found here: /mnt/c/Users/Aarthi/Documents/GitHub/amr-course-new/results/metaspades_output/ERR9922937/spades.log


===== Read error correction started. 


== Running read error correction tool: /root/mambaforge/envs/amr-course/share/spades-3.13.0-0/bin/spades-hammer /mnt/c/Users/Aarthi/Documents/GitHub/amr-course-new/results/metaspades_output/ERR9922937/corrected/configs/config.info

The program was terminated by segmentation fault
=== Stack Trace ===


== Error ==  system call for: "['/root/mambaforge/envs/amr-course/share/spades-3.13.0-0/bin/spades-hammer', '/mnt/c/Users/Aarthi/Documents/GitHub/amr-course-new/results/metaspades_output/ERR9922937/corrected/configs/config.info']" finished abnormally, err code: -11

In case you have troubles running SPAdes, you can write to spades.support@cab.spbu.ru
or report an issue on our GitHub repository github.com/ablab/spades
Please provide us with params.txt and spades.log files from the output directory.
