Building DAG of jobs...
Using shell: /usr/bin/bash
Provided cores: 6
Rules claiming more threads will be scaled down.
Job stats:
job      count    min threads    max threads
-----  -------  -------------  -------------
debug        1              1              1
total        1              1              1

Select jobs to execute...

[Thu Jan  9 13:11:52 2025]
rule debug:
    input: data/ERR9922933_1.fastq.gz, data/ERR9922937_1.fastq.gz
    output: data/ERR9922933.txt, data/ERR9922937.txt
    jobid: 0
    reason: Missing output files: data/ERR9922937.txt, data/ERR9922933.txt
    resources: tmpdir=/tmp

[Thu Jan  9 13:11:52 2025]
Error in rule debug:
    jobid: 0
    input: data/ERR9922933_1.fastq.gz, data/ERR9922937_1.fastq.gz
    output: data/ERR9922933.txt, data/ERR9922937.txt
    shell:
        ls -lh data/ERR9922933_1.fastq.gz data/ERR9922937_1.fastq.gz > data/ERR9922933.txt data/ERR9922937.txt
        (one of the commands exited with non-zero exit code; note that snakemake uses bash strict mode!)

Removing output files of failed job debug since they might be corrupted:
data/ERR9922933.txt
Shutting down, this might take some time.
Exiting because a job execution failed. Look above for error message
Complete log: .snakemake/log/2025-01-09T131151.567697.snakemake.log
