Building DAG of jobs...
Using shell: /usr/bin/bash
Provided cores: 6
Rules claiming more threads will be scaled down.
Job stats:
job      count    min threads    max threads
-----  -------  -------------  -------------
debug        1              1              1
total        1              1              1

Select jobs to execute...

[Thu Jan  9 13:12:49 2025]
rule debug:
    input: data/ERR9922933_1.fastq.gz, data/ERR9922937_1.fastq.gz
    jobid: 0
    reason: Rules with a run or shell declaration but no output are always executed.
    resources: tmpdir=/tmp

[Thu Jan  9 13:12:49 2025]
Finished job 0.
1 of 1 steps (100%) done
Complete log: .snakemake/log/2025-01-09T131249.259459.snakemake.log
